

{
    "data": {
        "id": "evt_CJZ1PLmpc9mmjyJnHfqnZLJL",
        "type": "event",
        "attributes": {
            "type": "payment.paid",
            "livemode": false,
            "data": {
                "id": "pay_UsRn7fGqLgHGoTexf5rb2WSs",
                "type": "payment",
                "attributes": {
                    "access_url": null,
                    "amount": 155000,
                    "balance_transaction_id": "bal_txn_DLT4aw66hVhomayX28ZgiECL",
                    "billing": {
                        "address": {
                            "city": "Taguig",
                            "country": "PH",
                            "line1": "12th floor The Trade and Financial Tower u1206",
                            "line2": "32nd street and 7th Avenue",
                            "postal_code": "1630",
                            "state": "Bonifacio Global City"
                        },
                        "email": "<a href="/cdn-cgi/l/email-protection" class="__cf_email__" data-cfemail="5f35303731343a3131262d3a263a2c6d6e1f38323e3633713c3032">[email&nbsp;protected]</a>",
                        "name": "John Kenny Reyes",
                        "phone": "09815747433"
                    },
                    "currency": "PHP",
                    "description": "Customer Checkout",
                    "disputed": false,
                    "external_reference_number": "WiQnFxf",
                    "fee": 3875,
                    "instant_settlement": null,
                    "livemode": false,
                    "net_amount": 151125,
                    "origin": "links",
                    "payment_intent_id": null,
                    "payout": null,
                    "source": {
                        "id": "src_Y2r6ro7dCFHQgUCMUVrgSn8y",
                        "type": "gcash"
                    },
                    "statement_descriptor": "Test",
                    "status": "paid",
                    "tax_amount": null,
                    "metadata": {
                        "pm_reference_number": "WiQnFxf"
                    },
                    "promotion": null,
                    "refunds": [],
                    "taxes": [],
                    "available_at": 1733907600,
                    "created_at": 1733629988,
                    "credited_at": 1734512400,
                    "paid_at": 1733629988,
                    "updated_at": 1733629988
                }
            },
            "previous_data": {},
            "created_at": 1733629988,
            "updated_at": 1733629988
        }
    }
}
{
    "data": {
        "id": "evt_CJZ1PLmpc9mmjyJnHfqnZLJL",
        "type": "event",
        "attributes": {
            "type": "payment.paid",
            "livemode": false,
            "data": {
                "id": "pay_UsRn7fGqLgHGoTexf5rb2WSs",
                "type": "payment",
                "attributes": {
                    "access_url": null,
                    "amount": 155000,
                    "balance_transaction_id": "bal_txn_DLT4aw66hVhomayX28ZgiECL",
                    "billing": {
                        "address": {
                            "city": "Taguig",
                            "country": "PH",
                            "line1": "12th floor The Trade and Financial Tower u1206",
                            "line2": "32nd street and 7th Avenue",
                            "postal_code": "1630",
                            "state": "Bonifacio Global City"
                        },
                        "email": "<a href="/cdn-cgi/l/email-protection" class="__cf_email__" data-cfemail="5f35303731343a3131262d3a263a2c6d6e1f38323e3633713c3032">[email&nbsp;protected]</a>",
                        "name": "John Kenny Reyes",
                        "phone": "09815747433"
                    },
                    "currency": "PHP",
                    "description": "Customer Checkout",
                    "disputed": false,
                    "external_reference_number": "WiQnFxf",
                    "fee": 3875,
                    "instant_settlement": null,
                    "livemode": false,
                    "net_amount": 151125,
                    "origin": "links",
                    "payment_intent_id": null,
                    "payout": null,
                    "source": {
                        "id": "src_Y2r6ro7dCFHQgUCMUVrgSn8y",
                        "type": "gcash"
                    },
                    "statement_descriptor": "Test",
                    "status": "paid",
                    "tax_amount": null,
                    "metadata": {
                        "pm_reference_number": "WiQnFxf"
                    },
                    "promotion": null,
                    "refunds": [],
                    "taxes": [],
                    "available_at": 1733907600,
                    "created_at": 1733629988,
                    "credited_at": 1734512400,
                    "paid_at": 1733629988,
                    "updated_at": 1733629988
                }
            },
            "previous_data": {},
            "created_at": 1733629988,
            "updated_at": 1733629988
        }
    }
}
{
    "data": {
        "id": "evt_CJZ1PLmpc9mmjyJnHfqnZLJL",
        "type": "event",
        "attributes": {
            "type": "payment.paid",
            "livemode": false,
            "data": {
                "id": "pay_UsRn7fGqLgHGoTexf5rb2WSs",
                "type": "payment",
                "attributes": {
                    "access_url": null,
                    "amount": 155000,
                    "balance_transaction_id": "bal_txn_DLT4aw66hVhomayX28ZgiECL",
                    "billing": {
                        "address": {
                            "city": "Taguig",
                            "country": "PH",
                            "line1": "12th floor The Trade and Financial Tower u1206",
                            "line2": "32nd street and 7th Avenue",
                            "postal_code": "1630",
                            "state": "Bonifacio Global City"
                        },
                        "email": "<a href="/cdn-cgi/l/email-protection" class="__cf_email__" data-cfemail="5f35303731343a3131262d3a263a2c6d6e1f38323e3633713c3032">[email&nbsp;protected]</a>",
                        "name": "John Kenny Reyes",
                        "phone": "09815747433"
                    },
                    "currency": "PHP",
                    "description": "Customer Checkout",
                    "disputed": false,
                    "external_reference_number": "WiQnFxf",
                    "fee": 3875,
                    "instant_settlement": null,
                    "livemode": false,
                    "net_amount": 151125,
                    "origin": "links",
                    "payment_intent_id": null,
                    "payout": null,
                    "source": {
                        "id": "src_Y2r6ro7dCFHQgUCMUVrgSn8y",
                        "type": "gcash"
                    },
                    "statement_descriptor": "Test",
                    "status": "paid",
                    "tax_amount": null,
                    "metadata": {
                        "pm_reference_number": "WiQnFxf"
                    },
                    "promotion": null,
                    "refunds": [],
                    "taxes": [],
                    "available_at": 1733907600,
                    "created_at": 1733629988,
                    "credited_at": 1734512400,
                    "paid_at": 1733629988,
                    "updated_at": 1733629988
                }
            },
            "previous_data": {},
            "created_at": 1733629988,
            "updated_at": 1733629988
        }
    }
}
{
    "data": {
        "id": "evt_XYZ1PLmpc9mmjyJnHfqnZABC",
        "type": "event",
        "attributes": {
            "type": "payment.paid",
            "livemode": false,
            "data": {
                "id": "pay_UsRn7fGqLgHGoTexf5rb2WSs",
                "type": "payment",
                "attributes": {
                    "access_url": null,
                    "amount": 200000,
                    "balance_transaction_id": "bal_txn_XYZ4aw66hVhomayX28ZgiABC",
                    "billing": {
                        "address": {
                            "city": "Makati",
                            "country": "PH",
                            "line1": "8th floor ABC Building",
                            "line2": "123 Ayala Avenue",
                            "postal_code": "1226",
                            "state": "Metro Manila"
                        },
                        "email": "sample.email@example.com",
                        "name": "Jane Doe",
                        "phone": "09123456789"
                    },
                    "currency": "PHP",
                    "description": "Test Checkout",
                    "disputed": false,
                    "external_reference_number": "ABC12345",
                    "fee": 5000,
                    "instant_settlement": null,
                    "livemode": false,
                    "net_amount": 195000,
                    "origin": "links",
                    "payment_intent_id": null,
                    "payout": null,
                    "source": {
                        "id": "src_ABC1ro7dCFHQgUCMUVrgXYZ",
                        "type": "gcash"
                    },
                    "statement_descriptor": "Sample Payment",
                    "status": "paid",
                    "tax_amount": null,
                    "metadata": {
                        "pm_reference_number": "ABC12345"
                    },
                    "promotion": null,
                    "refunds": [],
                    "taxes": [],
                    "available_at": 1733907600,
                    "created_at": 1733629988,
                    "credited_at": 1734512400,
                    "paid_at": 1733629988,
                    "updated_at": 1733629988
                }
            },
            "previous_data": {},
            "created_at": 1733629988,
            "updated_at": 1733629988
        }
    }
}

